2021.03.08
-- 1. 新建仓库，规范目录及部分文件编辑方式

2021.03.12
-- 1. 秦明版-贪心
-- 2. 秦明版-分治
-- 3. 秦明版-动态规划
-- 4. 秦明版-回溯

2021.03.19
-- 1. 自我介绍（中英双语）
-- 2. idea破解

2021.03.20
-- 1. 力扣：逆波兰表达式求值
-- 2. 力扣：使用最小花费爬楼梯
-- 3. 力扣：三步问题
-- 4. 力扣：比特位计数
-- 5. minGW编译环境安装配置

2021.03.22
-- 1. 力扣：矩阵置零
-- 2. 力扣：最小差
-- 3. 力扣：位1的个数
-- 4. 力扣：构建回文串检测
-- 5. 力扣：统计好三元组

2021.03.27
-- 1. 力扣：删除排序链表中的重复元素
-- 2. 力扣：旋转链表
-- 3. 力扣：根据前后序遍历获取二叉树
-- 4. 力扣：检查数组对是否可以被k整除
-- 5. 力扣：三数之和
-- 6. 力扣：括号生成

2021.03.28
-- 1. 力扣：单值二叉树
-- 2. 力扣：文件夹操作日志搜集器
-- 3. 力扣：子串能表示从1到N数字的二进制字符串
